\BOOKMARK [0][-]{chapter.1}{Introduction}{}% 1
\BOOKMARK [0][-]{chapter.2}{Theoretical background}{}% 2
\BOOKMARK [1][-]{section.2.1}{Interval Property Checking}{chapter.2}% 3
\BOOKMARK [2][-]{subsection.2.1.1}{Complete Interval Property Checking \(C-IPC\)}{section.2.1}% 4
\BOOKMARK [2][-]{subsection.2.1.2}{Gap Free Verification}{section.2.1}% 5
\BOOKMARK [1][-]{section.2.2}{Path Predicate Abstraction}{chapter.2}% 6
\BOOKMARK [1][-]{section.2.3}{Property Driven Development}{chapter.2}% 7
\BOOKMARK [2][-]{subsection.2.3.1}{Port interfaces}{section.2.3}% 8
\BOOKMARK [1][-]{section.2.4}{The AMBA-AHB}{chapter.2}% 9
\BOOKMARK [2][-]{subsection.2.4.1}{Transfers}{section.2.4}% 10
\BOOKMARK [2][-]{subsection.2.4.2}{Control signals}{section.2.4}% 11
\BOOKMARK [2][-]{subsection.2.4.3}{Slave responses}{section.2.4}% 12
\BOOKMARK [0][-]{chapter.3}{Implementation}{}% 13
\BOOKMARK [1][-]{section.3.1}{Hardware overview}{chapter.3}% 14
\BOOKMARK [2][-]{subsection.3.1.1}{Existing hardware}{section.3.1}% 15
\BOOKMARK [2][-]{subsection.3.1.2}{Master agent}{section.3.1}% 16
\BOOKMARK [2][-]{subsection.3.1.3}{Slave agent}{section.3.1}% 17
\BOOKMARK [1][-]{section.3.2}{System level representation}{chapter.3}% 18
\BOOKMARK [2][-]{subsection.3.2.1}{Bottom-up abstraction}{section.3.2}% 19
\BOOKMARK [2][-]{subsection.3.2.2}{Refining properties}{section.3.2}% 20
\BOOKMARK [1][-]{section.3.3}{Simulation}{chapter.3}% 21
\BOOKMARK [2][-]{subsection.3.3.1}{Starvation}{section.3.3}% 22
\BOOKMARK [1][-]{section.3.4}{Generator}{chapter.3}% 23
\BOOKMARK [0][-]{chapter.4}{Summary and outlook}{}% 24
